<?xml version="1.0" encoding="UTF-8"?>
<testsuite name="it.unicam.cs.pa.jbudget105057.Model.FileManagementTest" tests="1" skipped="0" failures="0" errors="0" timestamp="2020-07-16T15:52:44" hostname="popoff" time="0.525">
  <properties/>
  <testcase name="read()" classname="it.unicam.cs.pa.jbudget105057.Model.FileManagementTest" time="0.525"/>
  <system-out><![CDATA[]]></system-out>
  <system-err><![CDATA[]]></system-err>
</testsuite>
